[2025-07-12 07:15:36.002] [56949] [HailoRT] [info] [device.cpp:49] [Device] OS Version: Linux 6.12.25+rpt-rpi-2712 #1 SMP PREEMPT Debian 1:6.12.25-1+rpt1 (2025-04-30) aarch64
[2025-07-12 07:15:36.003] [56949] [HailoRT] [info] [control.cpp:108] [control__parse_identify_results] firmware_version is: 4.20.0
[2025-07-12 07:15:36.004] [56949] [HailoRT] [info] [control.cpp:108] [control__parse_identify_results] firmware_version is: 4.20.0
[2025-07-12 07:15:36.059] [56959] [HailoRT] [info] [device.cpp:49] [Device] OS Version: Linux 6.12.25+rpt-rpi-2712 #1 SMP PREEMPT Debian 1:6.12.25-1+rpt1 (2025-04-30) aarch64
[2025-07-12 07:15:36.061] [56959] [HailoRT] [info] [control.cpp:108] [control__parse_identify_results] firmware_version is: 4.20.0
[2025-07-12 07:15:36.061] [56959] [HailoRT] [info] [control.cpp:108] [control__parse_identify_results] firmware_version is: 4.20.0
[2025-07-12 07:15:36.107] [56967] [HailoRT] [info] [device.cpp:49] [Device] OS Version: Linux 6.12.25+rpt-rpi-2712 #1 SMP PREEMPT Debian 1:6.12.25-1+rpt1 (2025-04-30) aarch64
[2025-07-12 07:15:36.108] [56967] [HailoRT] [info] [control.cpp:108] [control__parse_identify_results] firmware_version is: 4.20.0
[2025-07-12 07:15:36.109] [56967] [HailoRT] [info] [control.cpp:108] [control__parse_identify_results] firmware_version is: 4.20.0
[2025-07-12 07:15:36.172] [56945] [HailoRT] [info] [vdevice.cpp:523] [create] Creating vdevice with params: device_count: 1, scheduling_algorithm: ROUND_ROBIN, multi_process_service: false
[2025-07-12 07:15:36.184] [56945] [HailoRT] [info] [device.cpp:49] [Device] OS Version: Linux 6.12.25+rpt-rpi-2712 #1 SMP PREEMPT Debian 1:6.12.25-1+rpt1 (2025-04-30) aarch64
[2025-07-12 07:15:36.187] [56945] [HailoRT] [info] [control.cpp:108] [control__parse_identify_results] firmware_version is: 4.20.0
[2025-07-12 07:15:36.187] [56945] [HailoRT] [info] [vdevice.cpp:651] [create] VDevice Infos: 0001:01:00.0
[2025-07-12 07:15:36.345] [56945] [HailoRT] [info] [hef.cpp:1929] [get_network_group_and_network_name] No name was given. Addressing all networks of default network_group: yolov8s
[2025-07-12 07:15:36.345] [56945] [HailoRT] [info] [hef.cpp:1929] [get_network_group_and_network_name] No name was given. Addressing all networks of default network_group: yolov8s
[2025-07-12 07:15:36.388] [56945] [HailoRT] [info] [internal_buffer_manager.cpp:204] [print_execution_results] Planned internal buffer memory: CMA memory 0, user memory 5737984. memory to edge layer usage factor is 0.82343864
[2025-07-12 07:15:36.388] [56945] [HailoRT] [info] [internal_buffer_manager.cpp:212] [print_execution_results] Default Internal buffer planner executed successfully
[2025-07-12 07:15:36.425] [56945] [HailoRT] [info] [device_internal.cpp:57] [configure] Configuring HEF took 52.115676 milliseconds
[2025-07-12 07:15:36.425] [56945] [HailoRT] [info] [vdevice.cpp:749] [configure] Configuring HEF on VDevice took 52.479062 milliseconds
[2025-07-12 07:15:36.425] [56945] [HailoRT] [info] [infer_model.cpp:436] [configure] Configuring network group 'yolov8s' with params: batch size: 2, power mode: PERFORMANCE, latency: NONE
[2025-07-12 07:15:36.426] [56945] [HailoRT] [info] [multi_io_elements.cpp:756] [create] Created (AsyncHwEl)
[2025-07-12 07:15:36.426] [56945] [HailoRT] [info] [queue_elements.cpp:450] [create] Created (EntryPushQEl0yolov8s/input_layer1 | timeout: 10s)
[2025-07-12 07:15:36.426] [56945] [HailoRT] [info] [filter_elements.cpp:101] [create] Created (PreInferEl0yolov8s/input_layer1 | Reorder - src_order: RGB4, src_shape: (640, 640, 3), dst_order: NHCW, dst_shape: (640, 640, 3))
[2025-07-12 07:15:36.426] [56945] [HailoRT] [info] [queue_elements.cpp:450] [create] Created (PushQEl0yolov8s/input_layer1 | timeout: 10s)
[2025-07-12 07:15:36.426] [56945] [HailoRT] [info] [multi_io_elements.cpp:135] [create] Created (NmsPPMuxEl0YOLOV8-Post-Process | Op YOLOV8, Name: YOLOV8-Post-Process, Score threshold: 0.300, IoU threshold: 0.45, Classes: 80, Cross classes: false, NMS results order: BY_CLASS, Max bboxes per class: 100, Image height: 640, Image width: 640)
[2025-07-12 07:15:36.427] [56945] [HailoRT] [info] [queue_elements.cpp:942] [create] Created (MultiPushQEl0YOLOV8-Post-Process | timeout: 10s)
[2025-07-12 07:15:36.427] [56945] [HailoRT] [info] [edge_elements.cpp:187] [create] Created (LastAsyncEl0NmsPPMuxEl0YOLOV8-Post-Process)
[2025-07-12 07:15:36.427] [56945] [HailoRT] [info] [pipeline.cpp:891] [print_deep_description] EntryPushQEl0yolov8s/input_layer1 | inputs: user | outputs: PreInferEl0yolov8s/input_layer1(running in thread_id: 57009)
[2025-07-12 07:15:36.427] [56945] [HailoRT] [info] [pipeline.cpp:891] [print_deep_description] PreInferEl0yolov8s/input_layer1 | inputs: EntryPushQEl0yolov8s/input_layer1[0] | outputs: PushQEl0yolov8s/input_layer1
[2025-07-12 07:15:36.427] [56945] [HailoRT] [info] [pipeline.cpp:891] [print_deep_description] PushQEl0yolov8s/input_layer1 | inputs: PreInferEl0yolov8s/input_layer1[0] | outputs: AsyncHwEl(running in thread_id: 57010)
[2025-07-12 07:15:36.427] [56945] [HailoRT] [info] [pipeline.cpp:891] [print_deep_description] AsyncHwEl | inputs: PushQEl0yolov8s/input_layer1[0] | outputs: MultiPushQEl0YOLOV8-Post-Process MultiPushQEl0YOLOV8-Post-Process MultiPushQEl0YOLOV8-Post-Process MultiPushQEl0YOLOV8-Post-Process MultiPushQEl0YOLOV8-Post-Process MultiPushQEl0YOLOV8-Post-Process
[2025-07-12 07:15:36.427] [56945] [HailoRT] [info] [pipeline.cpp:891] [print_deep_description] MultiPushQEl0YOLOV8-Post-Process | inputs: AsyncHwEl[0] AsyncHwEl[1] AsyncHwEl[2] AsyncHwEl[3] AsyncHwEl[4] AsyncHwEl[5] | outputs: NmsPPMuxEl0YOLOV8-Post-Process(running in thread_id: 57011)
[2025-07-12 07:15:36.427] [56945] [HailoRT] [info] [pipeline.cpp:891] [print_deep_description] NmsPPMuxEl0YOLOV8-Post-Process | inputs: MultiPushQEl0YOLOV8-Post-Process[0] | outputs: LastAsyncEl0NmsPPMuxEl0YOLOV8-Post-Process
[2025-07-12 07:15:36.427] [56945] [HailoRT] [info] [pipeline.cpp:891] [print_deep_description] LastAsyncEl0NmsPPMuxEl0YOLOV8-Post-Process | inputs: NmsPPMuxEl0YOLOV8-Post-Process[0] | outputs: user
[2025-07-12 07:15:36.811] [56995] [HailoRT] [info] [hef.cpp:1929] [get_network_group_and_network_name] No name was given. Addressing all networks of default network_group: yolov8s
[2025-07-12 07:15:50.551] [56945] [HailoRT] [info] [async_infer_runner.cpp:86] [shutdown] Pipeline was aborted. Shutting it down
[2025-07-12 07:15:50.557] [56980] [HailoRT] [info] [network_group.cpp:857] [operator()] Infer request was aborted by user
[2025-07-12 07:15:50.557] [56945] [HailoRT] [info] [queue_elements.cpp:1131] [execute_deactivate] enqueue() in element MultiPushQEl0YOLOV8-Post-Process was aborted, got status = HAILO_SHUTDOWN_EVENT_SIGNALED(57)
[2025-07-12 07:15:50.557] [56945] [HailoRT] [info] [queue_elements.cpp:1131] [execute_deactivate] enqueue() in element MultiPushQEl0YOLOV8-Post-Process was aborted, got status = HAILO_SHUTDOWN_EVENT_SIGNALED(57)
[2025-07-12 07:15:50.557] [56945] [HailoRT] [info] [queue_elements.cpp:1131] [execute_deactivate] enqueue() in element MultiPushQEl0YOLOV8-Post-Process was aborted, got status = HAILO_SHUTDOWN_EVENT_SIGNALED(57)
[2025-07-12 07:15:50.557] [56945] [HailoRT] [info] [queue_elements.cpp:1131] [execute_deactivate] enqueue() in element MultiPushQEl0YOLOV8-Post-Process was aborted, got status = HAILO_SHUTDOWN_EVENT_SIGNALED(57)
[2025-07-12 07:15:50.557] [56945] [HailoRT] [info] [queue_elements.cpp:1131] [execute_deactivate] enqueue() in element MultiPushQEl0YOLOV8-Post-Process was aborted, got status = HAILO_SHUTDOWN_EVENT_SIGNALED(57)
[2025-07-12 07:15:50.557] [56945] [HailoRT] [info] [queue_elements.cpp:1131] [execute_deactivate] enqueue() in element MultiPushQEl0YOLOV8-Post-Process was aborted, got status = HAILO_SHUTDOWN_EVENT_SIGNALED(57)
[2025-07-12 07:15:50.557] [56945] [HailoRT] [info] [queue_elements.cpp:570] [execute_deactivate] enqueue() in element PushQEl0yolov8s/input_layer1 was aborted, got status = HAILO_SHUTDOWN_EVENT_SIGNALED(57)
[2025-07-12 07:15:50.557] [56945] [HailoRT] [info] [queue_elements.cpp:570] [execute_deactivate] enqueue() in element EntryPushQEl0yolov8s/input_layer1 was aborted, got status = HAILO_SHUTDOWN_EVENT_SIGNALED(57)
[2025-07-12 07:15:50.557] [56945] [HailoRT] [info] [queue_elements.cpp:46] [~BaseQueueElement] Queue element EntryPushQEl0yolov8s/input_layer1 has 0 frames in his Queue on destruction
[2025-07-12 07:15:50.557] [56945] [HailoRT] [info] [queue_elements.cpp:46] [~BaseQueueElement] Queue element PushQEl0yolov8s/input_layer1 has 0 frames in his Queue on destruction
[2025-07-12 07:20:09.967] [57182] [HailoRT] [info] [device.cpp:49] [Device] OS Version: Linux 6.12.25+rpt-rpi-2712 #1 SMP PREEMPT Debian 1:6.12.25-1+rpt1 (2025-04-30) aarch64
[2025-07-12 07:20:09.968] [57182] [HailoRT] [info] [control.cpp:108] [control__parse_identify_results] firmware_version is: 4.20.0
[2025-07-12 07:20:09.969] [57182] [HailoRT] [info] [control.cpp:108] [control__parse_identify_results] firmware_version is: 4.20.0
[2025-07-12 07:20:10.023] [57192] [HailoRT] [info] [device.cpp:49] [Device] OS Version: Linux 6.12.25+rpt-rpi-2712 #1 SMP PREEMPT Debian 1:6.12.25-1+rpt1 (2025-04-30) aarch64
[2025-07-12 07:20:10.025] [57192] [HailoRT] [info] [control.cpp:108] [control__parse_identify_results] firmware_version is: 4.20.0
[2025-07-12 07:20:10.025] [57192] [HailoRT] [info] [control.cpp:108] [control__parse_identify_results] firmware_version is: 4.20.0
[2025-07-12 07:20:18.591] [57228] [HailoRT] [info] [device.cpp:49] [Device] OS Version: Linux 6.12.25+rpt-rpi-2712 #1 SMP PREEMPT Debian 1:6.12.25-1+rpt1 (2025-04-30) aarch64
[2025-07-12 07:20:18.592] [57228] [HailoRT] [info] [control.cpp:108] [control__parse_identify_results] firmware_version is: 4.20.0
[2025-07-12 07:20:18.593] [57228] [HailoRT] [info] [control.cpp:108] [control__parse_identify_results] firmware_version is: 4.20.0
[2025-07-12 07:20:18.651] [57237] [HailoRT] [info] [device.cpp:49] [Device] OS Version: Linux 6.12.25+rpt-rpi-2712 #1 SMP PREEMPT Debian 1:6.12.25-1+rpt1 (2025-04-30) aarch64
[2025-07-12 07:20:18.653] [57237] [HailoRT] [info] [control.cpp:108] [control__parse_identify_results] firmware_version is: 4.20.0
[2025-07-12 07:20:18.654] [57237] [HailoRT] [info] [control.cpp:108] [control__parse_identify_results] firmware_version is: 4.20.0
[2025-07-12 07:20:45.416] [57293] [HailoRT] [info] [device.cpp:49] [Device] OS Version: Linux 6.12.25+rpt-rpi-2712 #1 SMP PREEMPT Debian 1:6.12.25-1+rpt1 (2025-04-30) aarch64
[2025-07-12 07:20:45.417] [57293] [HailoRT] [info] [control.cpp:108] [control__parse_identify_results] firmware_version is: 4.20.0
[2025-07-12 07:20:45.418] [57293] [HailoRT] [info] [control.cpp:108] [control__parse_identify_results] firmware_version is: 4.20.0
[2025-07-12 07:20:45.467] [57303] [HailoRT] [info] [device.cpp:49] [Device] OS Version: Linux 6.12.25+rpt-rpi-2712 #1 SMP PREEMPT Debian 1:6.12.25-1+rpt1 (2025-04-30) aarch64
[2025-07-12 07:20:45.469] [57303] [HailoRT] [info] [control.cpp:108] [control__parse_identify_results] firmware_version is: 4.20.0
[2025-07-12 07:20:45.471] [57303] [HailoRT] [info] [control.cpp:108] [control__parse_identify_results] firmware_version is: 4.20.0
[2025-07-12 07:22:18.010] [57365] [HailoRT] [info] [device.cpp:49] [Device] OS Version: Linux 6.12.25+rpt-rpi-2712 #1 SMP PREEMPT Debian 1:6.12.25-1+rpt1 (2025-04-30) aarch64
[2025-07-12 07:22:18.012] [57365] [HailoRT] [info] [control.cpp:108] [control__parse_identify_results] firmware_version is: 4.20.0
[2025-07-12 07:22:18.013] [57365] [HailoRT] [info] [control.cpp:108] [control__parse_identify_results] firmware_version is: 4.20.0
[2025-07-12 07:22:18.071] [57375] [HailoRT] [info] [device.cpp:49] [Device] OS Version: Linux 6.12.25+rpt-rpi-2712 #1 SMP PREEMPT Debian 1:6.12.25-1+rpt1 (2025-04-30) aarch64
[2025-07-12 07:22:18.073] [57375] [HailoRT] [info] [control.cpp:108] [control__parse_identify_results] firmware_version is: 4.20.0
[2025-07-12 07:22:18.073] [57375] [HailoRT] [info] [control.cpp:108] [control__parse_identify_results] firmware_version is: 4.20.0
[2025-07-12 07:32:07.471] [57841] [HailoRT] [info] [device.cpp:49] [Device] OS Version: Linux 6.12.25+rpt-rpi-2712 #1 SMP PREEMPT Debian 1:6.12.25-1+rpt1 (2025-04-30) aarch64
[2025-07-12 07:32:07.473] [57841] [HailoRT] [info] [control.cpp:108] [control__parse_identify_results] firmware_version is: 4.20.0
[2025-07-12 07:32:07.474] [57841] [HailoRT] [info] [control.cpp:108] [control__parse_identify_results] firmware_version is: 4.20.0
[2025-07-12 07:32:07.519] [57851] [HailoRT] [info] [device.cpp:49] [Device] OS Version: Linux 6.12.25+rpt-rpi-2712 #1 SMP PREEMPT Debian 1:6.12.25-1+rpt1 (2025-04-30) aarch64
[2025-07-12 07:32:07.521] [57851] [HailoRT] [info] [control.cpp:108] [control__parse_identify_results] firmware_version is: 4.20.0
[2025-07-12 07:32:07.521] [57851] [HailoRT] [info] [control.cpp:108] [control__parse_identify_results] firmware_version is: 4.20.0
[2025-07-12 07:32:07.598] [57837] [HailoRT] [info] [vdevice.cpp:523] [create] Creating vdevice with params: device_count: 1, scheduling_algorithm: ROUND_ROBIN, multi_process_service: false
[2025-07-12 07:32:07.610] [57837] [HailoRT] [info] [device.cpp:49] [Device] OS Version: Linux 6.12.25+rpt-rpi-2712 #1 SMP PREEMPT Debian 1:6.12.25-1+rpt1 (2025-04-30) aarch64
[2025-07-12 07:32:07.612] [57837] [HailoRT] [info] [control.cpp:108] [control__parse_identify_results] firmware_version is: 4.20.0
[2025-07-12 07:32:07.612] [57837] [HailoRT] [info] [vdevice.cpp:651] [create] VDevice Infos: 0001:01:00.0
[2025-07-12 07:32:07.730] [57837] [HailoRT] [info] [hef.cpp:1929] [get_network_group_and_network_name] No name was given. Addressing all networks of default network_group: cone_liran_nms_v8
[2025-07-12 07:32:07.730] [57837] [HailoRT] [info] [hef.cpp:1929] [get_network_group_and_network_name] No name was given. Addressing all networks of default network_group: cone_liran_nms_v8
[2025-07-12 07:32:07.865] [57837] [HailoRT] [info] [internal_buffer_manager.cpp:204] [print_execution_results] Planned internal buffer memory: CMA memory 0, user memory 7842816. memory to edge layer usage factor is 0.88436
[2025-07-12 07:32:07.865] [57837] [HailoRT] [info] [internal_buffer_manager.cpp:212] [print_execution_results] Default Internal buffer planner executed successfully
[2025-07-12 07:32:07.898] [57837] [HailoRT] [info] [device_internal.cpp:57] [configure] Configuring HEF took 40.510172 milliseconds
[2025-07-12 07:32:07.898] [57837] [HailoRT] [info] [vdevice.cpp:749] [configure] Configuring HEF on VDevice took 40.815729 milliseconds
[2025-07-12 07:32:07.898] [57837] [HailoRT] [info] [infer_model.cpp:436] [configure] Configuring network group 'cone_liran_nms_v8' with params: batch size: 2, power mode: PERFORMANCE, latency: NONE
[2025-07-12 07:32:07.898] [57837] [HailoRT] [info] [multi_io_elements.cpp:756] [create] Created (AsyncHwEl)
[2025-07-12 07:32:07.898] [57837] [HailoRT] [info] [queue_elements.cpp:450] [create] Created (EntryPushQEl0cone_liran_nms_v8/input_layer1 | timeout: 10s)
[2025-07-12 07:32:07.898] [57837] [HailoRT] [info] [filter_elements.cpp:101] [create] Created (PreInferEl3cone_liran_nms_v8/input_layer1 | Reorder - src_order: RGB4, src_shape: (640, 640, 3), dst_order: NHCW, dst_shape: (640, 640, 3))
[2025-07-12 07:32:07.898] [57837] [HailoRT] [info] [queue_elements.cpp:450] [create] Created (PushQEl3cone_liran_nms_v8/input_layer1 | timeout: 10s)
[2025-07-12 07:32:07.898] [57837] [HailoRT] [info] [multi_io_elements.cpp:135] [create] Created (NmsPPMuxEl0YOLOV8-Post-Process | Op YOLOV8, Name: YOLOV8-Post-Process, Score threshold: 0.300, IoU threshold: 0.45, Classes: 1, Cross classes: false, NMS results order: BY_CLASS, Max bboxes per class: 100, Image height: 640, Image width: 640)
[2025-07-12 07:32:07.899] [57837] [HailoRT] [info] [queue_elements.cpp:942] [create] Created (MultiPushQEl0YOLOV8-Post-Process | timeout: 10s)
[2025-07-12 07:32:07.899] [57837] [HailoRT] [info] [edge_elements.cpp:187] [create] Created (LastAsyncEl0NmsPPMuxEl0YOLOV8-Post-Process)
[2025-07-12 07:32:07.899] [57837] [HailoRT] [info] [pipeline.cpp:891] [print_deep_description] EntryPushQEl0cone_liran_nms_v8/input_layer1 | inputs: user | outputs: PreInferEl3cone_liran_nms_v8/input_layer1(running in thread_id: 57893)
[2025-07-12 07:32:07.899] [57837] [HailoRT] [info] [pipeline.cpp:891] [print_deep_description] PreInferEl3cone_liran_nms_v8/input_layer1 | inputs: EntryPushQEl0cone_liran_nms_v8/input_layer1[0] | outputs: PushQEl3cone_liran_nms_v8/input_layer1
[2025-07-12 07:32:07.899] [57837] [HailoRT] [info] [pipeline.cpp:891] [print_deep_description] PushQEl3cone_liran_nms_v8/input_layer1 | inputs: PreInferEl3cone_liran_nms_v8/input_layer1[0] | outputs: AsyncHwEl(running in thread_id: 57894)
[2025-07-12 07:32:07.899] [57837] [HailoRT] [info] [pipeline.cpp:891] [print_deep_description] AsyncHwEl | inputs: PushQEl3cone_liran_nms_v8/input_layer1[0] | outputs: MultiPushQEl0YOLOV8-Post-Process MultiPushQEl0YOLOV8-Post-Process MultiPushQEl0YOLOV8-Post-Process MultiPushQEl0YOLOV8-Post-Process MultiPushQEl0YOLOV8-Post-Process MultiPushQEl0YOLOV8-Post-Process
[2025-07-12 07:32:07.899] [57837] [HailoRT] [info] [pipeline.cpp:891] [print_deep_description] MultiPushQEl0YOLOV8-Post-Process | inputs: AsyncHwEl[0] AsyncHwEl[1] AsyncHwEl[2] AsyncHwEl[3] AsyncHwEl[4] AsyncHwEl[5] | outputs: NmsPPMuxEl0YOLOV8-Post-Process(running in thread_id: 57895)
[2025-07-12 07:32:07.899] [57837] [HailoRT] [info] [pipeline.cpp:891] [print_deep_description] NmsPPMuxEl0YOLOV8-Post-Process | inputs: MultiPushQEl0YOLOV8-Post-Process[0] | outputs: LastAsyncEl0NmsPPMuxEl0YOLOV8-Post-Process
[2025-07-12 07:32:07.899] [57837] [HailoRT] [info] [pipeline.cpp:891] [print_deep_description] LastAsyncEl0NmsPPMuxEl0YOLOV8-Post-Process | inputs: NmsPPMuxEl0YOLOV8-Post-Process[0] | outputs: user
[2025-07-12 07:32:08.149] [57884] [HailoRT] [info] [hef.cpp:1929] [get_network_group_and_network_name] No name was given. Addressing all networks of default network_group: cone_liran_nms_v8
[2025-07-12 07:32:44.949] [57837] [HailoRT] [info] [async_infer_runner.cpp:86] [shutdown] Pipeline was aborted. Shutting it down
[2025-07-12 07:32:44.955] [57864] [HailoRT] [info] [network_group.cpp:857] [operator()] Infer request was aborted by user
[2025-07-12 07:32:44.956] [57837] [HailoRT] [info] [queue_elements.cpp:1131] [execute_deactivate] enqueue() in element MultiPushQEl0YOLOV8-Post-Process was aborted, got status = HAILO_SHUTDOWN_EVENT_SIGNALED(57)
[2025-07-12 07:32:44.956] [57837] [HailoRT] [info] [queue_elements.cpp:1131] [execute_deactivate] enqueue() in element MultiPushQEl0YOLOV8-Post-Process was aborted, got status = HAILO_SHUTDOWN_EVENT_SIGNALED(57)
[2025-07-12 07:32:44.956] [57837] [HailoRT] [info] [queue_elements.cpp:1131] [execute_deactivate] enqueue() in element MultiPushQEl0YOLOV8-Post-Process was aborted, got status = HAILO_SHUTDOWN_EVENT_SIGNALED(57)
[2025-07-12 07:32:44.956] [57837] [HailoRT] [info] [queue_elements.cpp:1131] [execute_deactivate] enqueue() in element MultiPushQEl0YOLOV8-Post-Process was aborted, got status = HAILO_SHUTDOWN_EVENT_SIGNALED(57)
[2025-07-12 07:32:44.956] [57837] [HailoRT] [info] [queue_elements.cpp:1131] [execute_deactivate] enqueue() in element MultiPushQEl0YOLOV8-Post-Process was aborted, got status = HAILO_SHUTDOWN_EVENT_SIGNALED(57)
[2025-07-12 07:32:44.956] [57837] [HailoRT] [info] [queue_elements.cpp:1131] [execute_deactivate] enqueue() in element MultiPushQEl0YOLOV8-Post-Process was aborted, got status = HAILO_SHUTDOWN_EVENT_SIGNALED(57)
[2025-07-12 07:32:44.956] [57837] [HailoRT] [info] [queue_elements.cpp:570] [execute_deactivate] enqueue() in element PushQEl3cone_liran_nms_v8/input_layer1 was aborted, got status = HAILO_SHUTDOWN_EVENT_SIGNALED(57)
[2025-07-12 07:32:44.956] [57837] [HailoRT] [info] [queue_elements.cpp:570] [execute_deactivate] enqueue() in element EntryPushQEl0cone_liran_nms_v8/input_layer1 was aborted, got status = HAILO_SHUTDOWN_EVENT_SIGNALED(57)
[2025-07-12 07:32:44.956] [57837] [HailoRT] [info] [queue_elements.cpp:46] [~BaseQueueElement] Queue element EntryPushQEl0cone_liran_nms_v8/input_layer1 has 0 frames in his Queue on destruction
[2025-07-12 07:32:44.956] [57837] [HailoRT] [info] [queue_elements.cpp:46] [~BaseQueueElement] Queue element PushQEl3cone_liran_nms_v8/input_layer1 has 0 frames in his Queue on destruction
